
> dev
> vite --host


  VITE v8.0.11  ready in 384 ms

  ➜  Local:   http://localhost:5173/
  ➜  Network: http://10.0.0.32:5173/
4:55:23 AM [vite] (client) hmr update /src/App.jsx, /src/index.css
4:56:35 AM [vite] (client) hmr update /src/App.jsx, /src/index.css
5:14:16 AM [vite] (client) hmr update /src/App.jsx, /src/index.css
5:14:53 AM [vite] (client) hmr update /src/App.jsx, /src/index.css
5:15:11 AM [vite] (client) hmr update /src/components/KpiCard.jsx, /src/index.css
5:15:24 AM [vite] (client) hmr update /src/components/RatioCard.jsx, /src/index.css
5:27:12 AM [vite] (client) hmr update /src/App.jsx, /src/index.css
5:27:24 AM [vite] (client) hmr update /src/index.css, /src/components/ComparativeChart.jsx
5:28:06 AM [vite] (client) hmr update /src/App.jsx, /src/index.css
5:45:08 AM [vite] (client) hmr update /src/components/KpiCard.jsx, /src/index.css
5:45:19 AM [vite] (client) hmr update /src/App.jsx, /src/index.css
5:45:32 AM [vite] (client) hmr update /src/App.jsx, /src/index.css
5:45:44 AM [vite] (client) hmr update /src/components/RatioTable.jsx, /src/index.css
5:53:01 AM [vite] (client) hmr update /src/App.jsx, /src/index.css
5:53:20 AM [vite] (client) hmr update /src/components/RatioTable.jsx, /src/index.css
6:20:01 AM [vite] (client) hmr update /src/App.jsx, /src/index.css
6:20:22 AM [vite] (client) hmr update /src/App.jsx, /src/index.css
6:22:15 AM [vite] (client) hmr update /src/App.jsx, /src/index.css
6:22:31 AM [vite] (client) hmr update /src/App.jsx, /src/index.css
6:26:38 AM [vite] (client) hmr update /src/App.jsx, /src/index.css
6:26:38 AM [vite] (client) Pre-transform error: Transform failed with 2 errors:

[31m[PARSE_ERROR] Error:[0m Missing initializer in const declaration
    [38;5;246m╭[0m[38;5;246m─[0m[38;5;246m[[0m src/data/financialData.js:27:3 [38;5;246m][0m
    [38;5;246m│[0m
 [38;5;246m27 │[0m [38;5;249m [0m[38;5;249m [0mratios[38;5;249m:[0m[38;5;249m [0m[38;5;249m{[0m
 [38;5;240m   │[0m   ───┬──  
 [38;5;240m   │[0m      ╰──── 
 [38;5;240m   │[0m 
 [38;5;240m   │[0m [38;5;115mHelp[0m: Add an initializer (e.g. ` = undefined`) here
[38;5;246m────╯[0m

[31m[PARSE_ERROR] Error:[0m Expected a semicolon or an implicit semicolon after a statement, but found none
    [38;5;246m╭[0m[38;5;246m─[0m[38;5;246m[[0m src/data/financialData.js:27:9 [38;5;246m][0m
    [38;5;246m│[0m
 [38;5;246m27 │[0m [38;5;249m [0m[38;5;249m [0m[38;5;249mr[0m[38;5;249ma[0m[38;5;249mt[0m[38;5;249mi[0m[38;5;249mo[0m[38;5;249ms[0m[38;5;249m:[0m[38;5;249m [0m[38;5;249m{[0m
 [38;5;240m   │[0m         │ 
 [38;5;240m   │[0m         ╰─ 
 [38;5;240m   │[0m 
 [38;5;240m   │[0m [38;5;115mHelp[0m: Try inserting a semicolon here
[38;5;246m────╯[0m

  Plugin: vite:oxc
  File: /workspaces/codespace-mbis/dashboard/src/data/financialData.js
6:26:38 AM [vite] Internal server error: Transform failed with 2 errors:

[31m[PARSE_ERROR] Error:[0m Missing initializer in const declaration
    [38;5;246m╭[0m[38;5;246m─[0m[38;5;246m[[0m src/data/financialData.js:27:3 [38;5;246m][0m
    [38;5;246m│[0m
 [38;5;246m27 │[0m [38;5;249m [0m[38;5;249m [0mratios[38;5;249m:[0m[38;5;249m [0m[38;5;249m{[0m
 [38;5;240m   │[0m   ───┬──  
 [38;5;240m   │[0m      ╰──── 
 [38;5;240m   │[0m 
 [38;5;240m   │[0m [38;5;115mHelp[0m: Add an initializer (e.g. ` = undefined`) here
[38;5;246m────╯[0m

[31m[PARSE_ERROR] Error:[0m Expected a semicolon or an implicit semicolon after a statement, but found none
    [38;5;246m╭[0m[38;5;246m─[0m[38;5;246m[[0m src/data/financialData.js:27:9 [38;5;246m][0m
    [38;5;246m│[0m
 [38;5;246m27 │[0m [38;5;249m [0m[38;5;249m [0m[38;5;249mr[0m[38;5;249ma[0m[38;5;249mt[0m[38;5;249mi[0m[38;5;249mo[0m[38;5;249ms[0m[38;5;249m:[0m[38;5;249m [0m[38;5;249m{[0m
 [38;5;240m   │[0m         │ 
 [38;5;240m   │[0m         ╰─ 
 [38;5;240m   │[0m 
 [38;5;240m   │[0m [38;5;115mHelp[0m: Try inserting a semicolon here
[38;5;246m────╯[0m

  Plugin: vite:oxc
  File: /workspaces/codespace-mbis/dashboard/src/data/financialData.js
      at transformWithOxc (file:///workspaces/codespace-mbis/dashboard/node_modules/vite/dist/node/chunks/node.js:3340:19)
      at TransformPluginContext.transform (file:///workspaces/codespace-mbis/dashboard/node_modules/vite/dist/node/chunks/node.js:3408:26)
      at EnvironmentPluginContainer.transform (file:///workspaces/codespace-mbis/dashboard/node_modules/vite/dist/node/chunks/node.js:30179:51)
      at async loadAndTransform (file:///workspaces/codespace-mbis/dashboard/node_modules/vite/dist/node/chunks/node.js:24509:26)
      at async viteTransformMiddleware (file:///workspaces/codespace-mbis/dashboard/node_modules/vite/dist/node/chunks/node.js:24303:20)
6:26:38 AM [vite] Internal server error: Transform failed with 2 errors:

[31m[PARSE_ERROR] Error:[0m Missing initializer in const declaration
    [38;5;246m╭[0m[38;5;246m─[0m[38;5;246m[[0m src/data/financialData.js:27:3 [38;5;246m][0m
    [38;5;246m│[0m
 [38;5;246m27 │[0m [38;5;249m [0m[38;5;249m [0mratios[38;5;249m:[0m[38;5;249m [0m[38;5;249m{[0m
 [38;5;240m   │[0m   ───┬──  
 [38;5;240m   │[0m      ╰──── 
 [38;5;240m   │[0m 
 [38;5;240m   │[0m [38;5;115mHelp[0m: Add an initializer (e.g. ` = undefined`) here
[38;5;246m────╯[0m

[31m[PARSE_ERROR] Error:[0m Expected a semicolon or an implicit semicolon after a statement, but found none
    [38;5;246m╭[0m[38;5;246m─[0m[38;5;246m[[0m src/data/financialData.js:27:9 [38;5;246m][0m
    [38;5;246m│[0m
 [38;5;246m27 │[0m [38;5;249m [0m[38;5;249m [0m[38;5;249mr[0m[38;5;249ma[0m[38;5;249mt[0m[38;5;249mi[0m[38;5;249mo[0m[38;5;249ms[0m[38;5;249m:[0m[38;5;249m [0m[38;5;249m{[0m
 [38;5;240m   │[0m         │ 
 [38;5;240m   │[0m         ╰─ 
 [38;5;240m   │[0m 
 [38;5;240m   │[0m [38;5;115mHelp[0m: Try inserting a semicolon here
[38;5;246m────╯[0m

  Plugin: vite:oxc
  File: /workspaces/codespace-mbis/dashboard/src/data/financialData.js
      at transformWithOxc (file:///workspaces/codespace-mbis/dashboard/node_modules/vite/dist/node/chunks/node.js:3340:19)
      at TransformPluginContext.transform (file:///workspaces/codespace-mbis/dashboard/node_modules/vite/dist/node/chunks/node.js:3408:26)
      at EnvironmentPluginContainer.transform (file:///workspaces/codespace-mbis/dashboard/node_modules/vite/dist/node/chunks/node.js:30179:51)
      at async loadAndTransform (file:///workspaces/codespace-mbis/dashboard/node_modules/vite/dist/node/chunks/node.js:24509:26)
      at async viteTransformMiddleware (file:///workspaces/codespace-mbis/dashboard/node_modules/vite/dist/node/chunks/node.js:24303:20)
6:26:39 AM [vite] Internal server error: Transform failed with 2 errors:

[31m[PARSE_ERROR] Error:[0m Missing initializer in const declaration
    [38;5;246m╭[0m[38;5;246m─[0m[38;5;246m[[0m src/data/financialData.js:27:3 [38;5;246m][0m
    [38;5;246m│[0m
 [38;5;246m27 │[0m [38;5;249m [0m[38;5;249m [0mratios[38;5;249m:[0m[38;5;249m [0m[38;5;249m{[0m
 [38;5;240m   │[0m   ───┬──  
 [38;5;240m   │[0m      ╰──── 
 [38;5;240m   │[0m 
 [38;5;240m   │[0m [38;5;115mHelp[0m: Add an initializer (e.g. ` = undefined`) here
[38;5;246m────╯[0m

[31m[PARSE_ERROR] Error:[0m Expected a semicolon or an implicit semicolon after a statement, but found none
    [38;5;246m╭[0m[38;5;246m─[0m[38;5;246m[[0m src/data/financialData.js:27:9 [38;5;246m][0m
    [38;5;246m│[0m
 [38;5;246m27 │[0m [38;5;249m [0m[38;5;249m [0m[38;5;249mr[0m[38;5;249ma[0m[38;5;249mt[0m[38;5;249mi[0m[38;5;249mo[0m[38;5;249ms[0m[38;5;249m:[0m[38;5;249m [0m[38;5;249m{[0m
 [38;5;240m   │[0m         │ 
 [38;5;240m   │[0m         ╰─ 
 [38;5;240m   │[0m 
 [38;5;240m   │[0m [38;5;115mHelp[0m: Try inserting a semicolon here
[38;5;246m────╯[0m

  Plugin: vite:oxc
  File: /workspaces/codespace-mbis/dashboard/src/data/financialData.js
      at transformWithOxc (file:///workspaces/codespace-mbis/dashboard/node_modules/vite/dist/node/chunks/node.js:3340:19)
      at TransformPluginContext.transform (file:///workspaces/codespace-mbis/dashboard/node_modules/vite/dist/node/chunks/node.js:3408:26)
      at EnvironmentPluginContainer.transform (file:///workspaces/codespace-mbis/dashboard/node_modules/vite/dist/node/chunks/node.js:30179:51)
      at async loadAndTransform (file:///workspaces/codespace-mbis/dashboard/node_modules/vite/dist/node/chunks/node.js:24509:26)
      at async viteTransformMiddleware (file:///workspaces/codespace-mbis/dashboard/node_modules/vite/dist/node/chunks/node.js:24303:20)
6:26:39 AM [vite] Internal server error: Transform failed with 2 errors:

[31m[PARSE_ERROR] Error:[0m Missing initializer in const declaration
    [38;5;246m╭[0m[38;5;246m─[0m[38;5;246m[[0m src/data/financialData.js:27:3 [38;5;246m][0m
    [38;5;246m│[0m
 [38;5;246m27 │[0m [38;5;249m [0m[38;5;249m [0mratios[38;5;249m:[0m[38;5;249m [0m[38;5;249m{[0m
 [38;5;240m   │[0m   ───┬──  
 [38;5;240m   │[0m      ╰──── 
 [38;5;240m   │[0m 
 [38;5;240m   │[0m [38;5;115mHelp[0m: Add an initializer (e.g. ` = undefined`) here
[38;5;246m────╯[0m

[31m[PARSE_ERROR] Error:[0m Expected a semicolon or an implicit semicolon after a statement, but found none
    [38;5;246m╭[0m[38;5;246m─[0m[38;5;246m[[0m src/data/financialData.js:27:9 [38;5;246m][0m
    [38;5;246m│[0m
 [38;5;246m27 │[0m [38;5;249m [0m[38;5;249m [0m[38;5;249mr[0m[38;5;249ma[0m[38;5;249mt[0m[38;5;249mi[0m[38;5;249mo[0m[38;5;249ms[0m[38;5;249m:[0m[38;5;249m [0m[38;5;249m{[0m
 [38;5;240m   │[0m         │ 
 [38;5;240m   │[0m         ╰─ 
 [38;5;240m   │[0m 
 [38;5;240m   │[0m [38;5;115mHelp[0m: Try inserting a semicolon here
[38;5;246m────╯[0m

  Plugin: vite:oxc
  File: /workspaces/codespace-mbis/dashboard/src/data/financialData.js
      at transformWithOxc (file:///workspaces/codespace-mbis/dashboard/node_modules/vite/dist/node/chunks/node.js:3340:19)
      at TransformPluginContext.transform (file:///workspaces/codespace-mbis/dashboard/node_modules/vite/dist/node/chunks/node.js:3408:26)
      at EnvironmentPluginContainer.transform (file:///workspaces/codespace-mbis/dashboard/node_modules/vite/dist/node/chunks/node.js:30179:51)
      at async loadAndTransform (file:///workspaces/codespace-mbis/dashboard/node_modules/vite/dist/node/chunks/node.js:24509:26)
      at async viteTransformMiddleware (file:///workspaces/codespace-mbis/dashboard/node_modules/vite/dist/node/chunks/node.js:24303:20)
6:26:39 AM [vite] Internal server error: Transform failed with 2 errors:

[31m[PARSE_ERROR] Error:[0m Missing initializer in const declaration
    [38;5;246m╭[0m[38;5;246m─[0m[38;5;246m[[0m src/data/financialData.js:27:3 [38;5;246m][0m
    [38;5;246m│[0m
 [38;5;246m27 │[0m [38;5;249m [0m[38;5;249m [0mratios[38;5;249m:[0m[38;5;249m [0m[38;5;249m{[0m
 [38;5;240m   │[0m   ───┬──  
 [38;5;240m   │[0m      ╰──── 
 [38;5;240m   │[0m 
 [38;5;240m   │[0m [38;5;115mHelp[0m: Add an initializer (e.g. ` = undefined`) here
[38;5;246m────╯[0m

[31m[PARSE_ERROR] Error:[0m Expected a semicolon or an implicit semicolon after a statement, but found none
    [38;5;246m╭[0m[38;5;246m─[0m[38;5;246m[[0m src/data/financialData.js:27:9 [38;5;246m][0m
    [38;5;246m│[0m
 [38;5;246m27 │[0m [38;5;249m [0m[38;5;249m [0m[38;5;249mr[0m[38;5;249ma[0m[38;5;249mt[0m[38;5;249mi[0m[38;5;249mo[0m[38;5;249ms[0m[38;5;249m:[0m[38;5;249m [0m[38;5;249m{[0m
 [38;5;240m   │[0m         │ 
 [38;5;240m   │[0m         ╰─ 
 [38;5;240m   │[0m 
 [38;5;240m   │[0m [38;5;115mHelp[0m: Try inserting a semicolon here
[38;5;246m────╯[0m

  Plugin: vite:oxc
  File: /workspaces/codespace-mbis/dashboard/src/data/financialData.js
      at transformWithOxc (file:///workspaces/codespace-mbis/dashboard/node_modules/vite/dist/node/chunks/node.js:3340:19)
      at TransformPluginContext.transform (file:///workspaces/codespace-mbis/dashboard/node_modules/vite/dist/node/chunks/node.js:3408:26)
      at EnvironmentPluginContainer.transform (file:///workspaces/codespace-mbis/dashboard/node_modules/vite/dist/node/chunks/node.js:30179:51)
      at async loadAndTransform (file:///workspaces/codespace-mbis/dashboard/node_modules/vite/dist/node/chunks/node.js:24509:26)
      at async viteTransformMiddleware (file:///workspaces/codespace-mbis/dashboard/node_modules/vite/dist/node/chunks/node.js:24303:20)
6:26:49 AM [vite] (client) hmr update /src/App.jsx, /src/index.css
6:26:50 AM [vite] (client) Pre-transform error: Transform failed with 2 errors:

[31m[PARSE_ERROR] Error:[0m Missing initializer in const declaration
    [38;5;246m╭[0m[38;5;246m─[0m[38;5;246m[[0m src/data/financialData.js:27:3 [38;5;246m][0m
    [38;5;246m│[0m
 [38;5;246m27 │[0m [38;5;249m [0m[38;5;249m [0mratios[38;5;249m:[0m[38;5;249m [0m[38;5;249m{[0m
 [38;5;240m   │[0m   ───┬──  
 [38;5;240m   │[0m      ╰──── 
 [38;5;240m   │[0m 
 [38;5;240m   │[0m [38;5;115mHelp[0m: Add an initializer (e.g. ` = undefined`) here
[38;5;246m────╯[0m

[31m[PARSE_ERROR] Error:[0m Expected a semicolon or an implicit semicolon after a statement, but found none
    [38;5;246m╭[0m[38;5;246m─[0m[38;5;246m[[0m src/data/financialData.js:27:9 [38;5;246m][0m
    [38;5;246m│[0m
 [38;5;246m27 │[0m [38;5;249m [0m[38;5;249m [0m[38;5;249mr[0m[38;5;249ma[0m[38;5;249mt[0m[38;5;249mi[0m[38;5;249mo[0m[38;5;249ms[0m[38;5;249m:[0m[38;5;249m [0m[38;5;249m{[0m
 [38;5;240m   │[0m         │ 
 [38;5;240m   │[0m         ╰─ 
 [38;5;240m   │[0m 
 [38;5;240m   │[0m [38;5;115mHelp[0m: Try inserting a semicolon here
[38;5;246m────╯[0m

  Plugin: vite:oxc
  File: /workspaces/codespace-mbis/dashboard/src/data/financialData.js
6:27:35 AM [vite] (client) hmr update /src/App.jsx, /src/index.css
6:30:48 AM [vite] (client) hmr update /src/App.jsx, /src/index.css
6:33:44 AM [vite] (client) hmr update /src/App.jsx, /src/index.css
6:34:03 AM [vite] (client) hmr update /src/components/ComparativeBarChart.jsx, /src/index.css
6:37:32 AM [vite] (client) hmr update /src/App.jsx, /src/index.css
6:40:17 AM [vite] (client) hmr update /src/components/ComposedGrowthChart.jsx, /src/index.css
6:40:35 AM [vite] (client) hmr update /src/App.jsx, /src/index.css
6:41:35 AM [vite] (client) hmr update /src/App.jsx, /src/index.css
6:57:04 AM [vite] (client) hmr update /src/index.css, /src/components/ComparativeChart.jsx
6:57:20 AM [vite] (client) hmr update /src/App.jsx, /src/index.css
6:57:32 AM [vite] (client) hmr update /src/App.jsx, /src/index.css
7:02:23 AM [vite] (client) hmr update /src/index.css, /src/components/ComparativeChart.jsx
7:02:34 AM [vite] (client) hmr update /src/App.jsx, /src/index.css
7:52:35 AM [vite] (client) hmr update /src/App.jsx, /src/index.css
7:52:56 AM [vite] (client) hmr update /src/components/KpiCard.jsx, /src/index.css
8:15:12 AM [vite] (client) hmr update /src/App.jsx, /src/index.css
